03/26/22 01:50:38 > Loader.INFO > Loading config from C:\laragon\www\shaiyabattles\public\/../framework\configs\
03/26/22 01:56:04 > Loader.INFO > Loading config from C:\laragon\www\shaiyabattles\public\/../framework\configs\
03/26/22 02:02:11 > Loader.INFO > Loading config from C:\laragon\www\shaiyabattles\public\/../framework\configs\
03/26/22 02:03:21 > Loader.INFO > Loading config from C:\laragon\www\shaiyabattles\public\/../framework\configs\
03/26/22 02:21:13 > Loader.INFO > Loading config from C:\laragon\www\shaiyabattles\public\/../framework\configs\
03/26/22 02:21:31 > Loader.INFO > Loading config from C:\laragon\www\shaiyabattles\public\/../framework\configs\
03/26/22 02:21:45 > Loader.INFO > Loading config from C:\laragon\www\shaiyabattles\public\/../framework\configs\
03/26/22 02:22:13 > Loader.INFO > Loading config from C:\laragon\www\shaiyabattles\public\/../framework\configs\
03/26/22 02:22:26 > Loader.INFO > Loading config from C:\laragon\www\shaiyabattles\public\/../framework\configs\
03/26/22 02:22:49 > Loader.INFO > Loading config from C:\laragon\www\shaiyabattles\public\/../framework\configs\
03/26/22 02:28:52 > Loader.INFO > Loading config from C:\laragon\www\shaiyabattles\public\/../framework\configs\
03/26/22 02:29:14 > Loader.INFO > Loading config from C:\laragon\www\shaiyabattles\public\/../framework\configs\
03/26/22 02:35:10 > Loader.INFO > Loading config from C:\laragon\www\shaiyabattles\public\/../framework\configs\
03/26/22 02:35:36 > Loader.INFO > Loading config from C:\laragon\www\shaiyabattles\public\/../framework\configs\
03/26/22 02:36:27 > Loader.INFO > Loading config from C:\laragon\www\shaiyabattles\public\/../framework\configs\
03/26/22 02:38:08 > Loader.INFO > Loading config from C:\laragon\www\shaiyabattles\public\/../framework\configs\
03/26/22 02:38:30 > Loader.INFO > Loading config from C:\laragon\www\shaiyabattles\public\/../framework\configs\
03/26/22 02:40:20 > Loader.INFO > Loading config from C:\laragon\www\shaiyabattles\public\/../framework\configs\
03/26/22 02:41:55 > Loader.INFO > Loading config from C:\laragon\www\shaiyabattles\public\/../framework\configs\
03/26/22 02:43:05 > Loader.INFO > Loading config from C:\laragon\www\shaiyabattles\public\/../framework\configs\
03/26/22 02:45:42 > Loader.INFO > Loading config from C:\laragon\www\shaiyabattles\public\/../framework\configs\
03/26/22 02:48:49 > Loader.INFO > Loading config from C:\laragon\www\shaiyabattles\public\/../framework\configs\
03/26/22 02:49:11 > Loader.INFO > Loading config from C:\laragon\www\shaiyabattles\public\/../framework\configs\
03/26/22 02:49:29 > Loader.INFO > Loading config from C:\laragon\www\shaiyabattles\public\/../framework\configs\
03/26/22 02:50:20 > Loader.INFO > Loading config from C:\laragon\www\shaiyabattles\public\/../framework\configs\
03/26/22 02:51:18 > Loader.INFO > Loading config from C:\laragon\www\shaiyabattles\public\/../framework\configs\
03/26/22 02:51:28 > Loader.INFO > Loading config from C:\laragon\www\shaiyabattles\public\/../framework\configs\
03/26/22 02:51:53 > Loader.INFO > Loading config from C:\laragon\www\shaiyabattles\public\/../framework\configs\
03/26/22 02:52:00 > Loader.INFO > Loading config from C:\laragon\www\shaiyabattles\public\/../framework\configs\
03/26/22 02:52:04 > Loader.INFO > Loading config from C:\laragon\www\shaiyabattles\public\/../framework\configs\
03/26/22 02:52:04 > Loader.INFO > Loading config from C:\laragon\www\shaiyabattles\public\/../framework\configs\
03/26/22 02:53:26 > Loader.INFO > Loading config from C:\laragon\www\shaiyabattles\public\/../framework\configs\
03/26/22 02:54:23 > Loader.INFO > Loading config from C:\laragon\www\shaiyabattles\public\/../framework\configs\
03/26/22 02:54:23 > Loader.INFO > Loading config from C:\laragon\www\shaiyabattles\public\/../framework\configs\
03/26/22 02:55:45 > Loader.INFO > Loading config from C:\laragon\www\shaiyabattles\public\/../framework\configs\
03/26/22 02:55:45 > Loader.INFO > Loading config from C:\laragon\www\shaiyabattles\public\/../framework\configs\
03/26/22 02:56:05 > Loader.INFO > Loading config from C:\laragon\www\shaiyabattles\public\/../framework\configs\
03/26/22 02:56:06 > Loader.INFO > Loading config from C:\laragon\www\shaiyabattles\public\/../framework\configs\
03/26/22 02:56:11 > Loader.INFO > Loading config from C:\laragon\www\shaiyabattles\public\/../framework\configs\
03/26/22 02:56:11 > Loader.INFO > Loading config from C:\laragon\www\shaiyabattles\public\/../framework\configs\
03/26/22 02:57:39 > Loader.INFO > Loading config from C:\laragon\www\shaiyabattles\public\/../framework\configs\
03/26/22 02:57:39 > Loader.INFO > Loading config from C:\laragon\www\shaiyabattles\public\/../framework\configs\
03/26/22 02:57:58 > Loader.INFO > Loading config from C:\laragon\www\shaiyabattles\public\/../framework\configs\
03/26/22 02:57:58 > Loader.INFO > Loading config from C:\laragon\www\shaiyabattles\public\/../framework\configs\
03/26/22 02:58:10 > Loader.INFO > Loading config from C:\laragon\www\shaiyabattles\public\/../framework\configs\
03/26/22 02:58:10 > Loader.INFO > Loading config from C:\laragon\www\shaiyabattles\public\/../framework\configs\
03/26/22 02:58:46 > Loader.INFO > Loading config from C:\laragon\www\shaiyabattles\public\/../framework\configs\
03/26/22 02:58:46 > Loader.INFO > Loading config from C:\laragon\www\shaiyabattles\public\/../framework\configs\
03/26/22 02:59:11 > Loader.INFO > Loading config from C:\laragon\www\shaiyabattles\public\/../framework\configs\
03/26/22 02:59:11 > Loader.INFO > Loading config from C:\laragon\www\shaiyabattles\public\/../framework\configs\
03/26/22 02:59:17 > Loader.INFO > Loading config from C:\laragon\www\shaiyabattles\public\/../framework\configs\
03/26/22 02:59:17 > Loader.INFO > Loading config from C:\laragon\www\shaiyabattles\public\/../framework\configs\
03/26/22 02:59:21 > Loader.INFO > Loading config from C:\laragon\www\shaiyabattles\public\/../framework\configs\
03/26/22 02:59:21 > Loader.INFO > Loading config from C:\laragon\www\shaiyabattles\public\/../framework\configs\
03/26/22 02:59:45 > Loader.INFO > Loading config from C:\laragon\www\shaiyabattles\public\/../framework\configs\
03/26/22 02:59:46 > Loader.INFO > Loading config from C:\laragon\www\shaiyabattles\public\/../framework\configs\
03/26/22 03:00:43 > Loader.INFO > Loading config from C:\laragon\www\shaiyabattles\public\/../framework\configs\
03/26/22 03:00:43 > Loader.INFO > Loading config from C:\laragon\www\shaiyabattles\public\/../framework\configs\
03/26/22 03:01:02 > Loader.INFO > Loading config from C:\laragon\www\shaiyabattles\public\/../framework\configs\
03/26/22 03:01:03 > Loader.INFO > Loading config from C:\laragon\www\shaiyabattles\public\/../framework\configs\
03/26/22 03:01:25 > Loader.INFO > Loading config from C:\laragon\www\shaiyabattles\public\/../framework\configs\
03/26/22 03:01:26 > Loader.INFO > Loading config from C:\laragon\www\shaiyabattles\public\/../framework\configs\
03/26/22 03:01:30 > Loader.INFO > Loading config from C:\laragon\www\shaiyabattles\public\/../framework\configs\
03/26/22 03:01:30 > Loader.INFO > Loading config from C:\laragon\www\shaiyabattles\public\/../framework\configs\
03/26/22 03:01:35 > Loader.INFO > Loading config from C:\laragon\www\shaiyabattles\public\/../framework\configs\
03/26/22 03:01:35 > Loader.INFO > Loading config from C:\laragon\www\shaiyabattles\public\/../framework\configs\
03/26/22 03:01:44 > Loader.INFO > Loading config from C:\laragon\www\shaiyabattles\public\/../framework\configs\
03/26/22 03:01:44 > Loader.INFO > Loading config from C:\laragon\www\shaiyabattles\public\/../framework\configs\
03/26/22 03:02:12 > Loader.INFO > Loading config from C:\laragon\www\shaiyabattles\public\/../framework\configs\
03/26/22 03:02:12 > Loader.INFO > Loading config from C:\laragon\www\shaiyabattles\public\/../framework\configs\
03/26/22 03:02:44 > Loader.INFO > Loading config from C:\laragon\www\shaiyabattles\public\/../framework\configs\
03/26/22 03:02:44 > Loader.INFO > Loading config from C:\laragon\www\shaiyabattles\public\/../framework\configs\
03/26/22 03:02:53 > Loader.INFO > Loading config from C:\laragon\www\shaiyabattles\public\/../framework\configs\
03/26/22 03:02:53 > Loader.INFO > Loading config from C:\laragon\www\shaiyabattles\public\/../framework\configs\
03/26/22 03:02:54 > Loader.INFO > Loading config from C:\laragon\www\shaiyabattles\public\/../framework\configs\
03/26/22 03:02:54 > Loader.INFO > Loading config from C:\laragon\www\shaiyabattles\public\/../framework\configs\
03/26/22 03:03:36 > Loader.INFO > Loading config from C:\laragon\www\shaiyabattles\public\/../framework\configs\
03/26/22 03:03:37 > Loader.INFO > Loading config from C:\laragon\www\shaiyabattles\public\/../framework\configs\
03/26/22 03:04:14 > Loader.INFO > Loading config from C:\laragon\www\shaiyabattles\public\/../framework\configs\
03/26/22 03:04:15 > Loader.INFO > Loading config from C:\laragon\www\shaiyabattles\public\/../framework\configs\
03/26/22 03:04:34 > Loader.INFO > Loading config from C:\laragon\www\shaiyabattles\public\/../framework\configs\
03/26/22 03:04:34 > Loader.INFO > Framework\Core\Loader::__load: config app included as APP
03/26/22 03:04:34 > Loader.INFO > Framework\Core\Loader::__load: config links skipped
03/26/22 03:04:34 > Loader.INFO > Framework\Core\Loader::__load: config mail included as MAIL
03/26/22 03:04:34 > Loader.INFO > Framework\Core\Loader::__load: config server included as SERVER
03/26/22 03:04:34 > Loader.INFO > Framework\Core\Loader::__load: config webmall included as WEBMALL
03/26/22 03:04:35 > Loader.INFO > Loading config from C:\laragon\www\shaiyabattles\public\/../framework\configs\
03/26/22 03:04:35 > Loader.INFO > Framework\Core\Loader::__load: config app included as APP
03/26/22 03:04:35 > Loader.INFO > Framework\Core\Loader::__load: config links skipped
03/26/22 03:04:35 > Loader.INFO > Framework\Core\Loader::__load: config mail included as MAIL
03/26/22 03:04:35 > Loader.INFO > Framework\Core\Loader::__load: config server included as SERVER
03/26/22 03:04:35 > Loader.INFO > Framework\Core\Loader::__load: config webmall included as WEBMALL
03/26/22 03:04:52 > Loader.INFO > Loading config from C:\laragon\www\shaiyabattles\public\/../framework\configs\
03/26/22 03:04:52 > Loader.INFO > Loading config from C:\laragon\www\shaiyabattles\public\/../framework\configs\
03/26/22 03:06:06 > Loader.INFO > Loading config from C:\laragon\www\shaiyabattles\public\/../framework\configs\
03/26/22 03:06:06 > Loader.INFO > Loading config from C:\laragon\www\shaiyabattles\public\/../framework\configs\
03/26/22 03:06:33 > Loader.INFO > Loading config from C:\laragon\www\shaiyabattles\public\/../framework\configs\
03/26/22 03:06:34 > Loader.INFO > Loading config from C:\laragon\www\shaiyabattles\public\/../framework\configs\
03/26/22 03:06:50 > Loader.INFO > Loading config from C:\laragon\www\shaiyabattles\public\/../framework\configs\
03/26/22 03:06:50 > Loader.INFO > Loading config from C:\laragon\www\shaiyabattles\public\/../framework\configs\
03/26/22 03:08:28 > Loader.INFO > Loading config from C:\laragon\www\shaiyabattles\public\/../framework\configs\
03/26/22 03:08:28 > Loader.INFO > Loading config from C:\laragon\www\shaiyabattles\public\/../framework\configs\
03/26/22 03:08:41 > Loader.INFO > Loading config from C:\laragon\www\shaiyabattles\public\/../framework\configs\
03/26/22 03:08:41 > Loader.INFO > Loading config from C:\laragon\www\shaiyabattles\public\/../framework\configs\
03/26/22 03:11:21 > Loader.INFO > Loading config from C:\laragon\www\shaiyabattles\public\/../framework\configs\
03/26/22 03:11:22 > Loader.INFO > Loading config from C:\laragon\www\shaiyabattles\public\/../framework\configs\
03/26/22 03:12:37 > Loader.INFO > Loading config from C:\laragon\www\shaiyabattles\public\/../framework\configs\
03/26/22 03:12:37 > Loader.INFO > Loading config from C:\laragon\www\shaiyabattles\public\/../framework\configs\
03/26/22 03:18:39 > Loader.INFO > Loading config from C:\laragon\www\shaiyabattles\public\/../framework\configs\
03/26/22 03:18:40 > Loader.INFO > Loading config from C:\laragon\www\shaiyabattles\public\/../framework\configs\
03/26/22 03:19:01 > Loader.INFO > Loading config from C:\laragon\www\shaiyabattles\public\/../framework\configs\
03/26/22 03:19:01 > Loader.INFO > Loading config from C:\laragon\www\shaiyabattles\public\/../framework\configs\
03/26/22 03:19:08 > Loader.INFO > Loading config from C:\laragon\www\shaiyabattles\public\/../framework\configs\
03/26/22 03:19:08 > Loader.INFO > Loading config from C:\laragon\www\shaiyabattles\public\/../framework\configs\
03/26/22 03:19:11 > Loader.INFO > Loading config from C:\laragon\www\shaiyabattles\public\/../framework\configs\
03/26/22 03:19:11 > Loader.INFO > Loading config from C:\laragon\www\shaiyabattles\public\/../framework\configs\
03/26/22 03:19:14 > Loader.INFO > Loading config from C:\laragon\www\shaiyabattles\public\/../framework\configs\
03/26/22 03:19:15 > Loader.INFO > Loading config from C:\laragon\www\shaiyabattles\public\/../framework\configs\
03/26/22 03:19:17 > Loader.INFO > Loading config from C:\laragon\www\shaiyabattles\public\/../framework\configs\
03/26/22 03:19:17 > Loader.INFO > Loading config from C:\laragon\www\shaiyabattles\public\/../framework\configs\
03/26/22 03:19:19 > Loader.INFO > Loading config from C:\laragon\www\shaiyabattles\public\/../framework\configs\
03/26/22 03:19:19 > Loader.INFO > Loading config from C:\laragon\www\shaiyabattles\public\/../framework\configs\
03/26/22 03:19:24 > Loader.INFO > Loading config from C:\laragon\www\shaiyabattles\public\/../framework\configs\
03/26/22 03:19:24 > Loader.INFO > Loading config from C:\laragon\www\shaiyabattles\public\/../framework\configs\
03/26/22 03:19:30 > Loader.INFO > Loading config from C:\laragon\www\shaiyabattles\public\/../framework\configs\
03/26/22 03:19:30 > Loader.INFO > Loading config from C:\laragon\www\shaiyabattles\public\/../framework\configs\
03/26/22 03:19:32 > Loader.INFO > Loading config from C:\laragon\www\shaiyabattles\public\/../framework\configs\
03/26/22 03:19:32 > Loader.INFO > Loading config from C:\laragon\www\shaiyabattles\public\/../framework\configs\
03/26/22 03:19:40 > Loader.INFO > Loading config from C:\laragon\www\shaiyabattles\public\/../framework\configs\
03/26/22 03:19:40 > Loader.INFO > Loading config from C:\laragon\www\shaiyabattles\public\/../framework\configs\
03/26/22 03:19:41 > Loader.INFO > Loading config from C:\laragon\www\shaiyabattles\public\/../framework\configs\
03/26/22 03:19:41 > Loader.INFO > Loading config from C:\laragon\www\shaiyabattles\public\/../framework\configs\
03/26/22 03:19:41 > Loader.INFO > Loading config from C:\laragon\www\shaiyabattles\public\/../framework\configs\
03/26/22 03:19:41 > Loader.INFO > Loading config from C:\laragon\www\shaiyabattles\public\/../framework\configs\
03/26/22 03:19:55 > Loader.INFO > Loading config from C:\laragon\www\shaiyabattles\public\/../framework\configs\
03/26/22 03:19:56 > Loader.INFO > Loading config from C:\laragon\www\shaiyabattles\public\/../framework\configs\
03/26/22 03:21:31 > Loader.INFO > Loading config from C:\laragon\www\shaiyabattles\public\/../framework\configs\
03/26/22 03:21:31 > Loader.INFO > Loading config from C:\laragon\www\shaiyabattles\public\/../framework\configs\
03/26/22 04:01:04 > Loader.INFO > Loading config from C:\laragon\www\shaiyabattles\public\/../framework\configs\
03/26/22 04:49:44 > Loader.INFO > Loading config from C:\laragon\www\shaiyabattles\public\/../framework\configs\
03/26/22 04:50:38 > Loader.INFO > Loading config from C:\laragon\www\shaiyabattles\public\/../framework\configs\
03/26/22 04:51:44 > Loader.INFO > Loading config from C:\laragon\www\shaiyabattles\public\/../framework\configs\
03/26/22 05:14:47 > Loader.INFO > Loading config from C:\laragon\www\shaiyabattles\public\/../framework\configs\
03/26/22 14:34:17 > Loader.INFO > Loading config from C:\laragon\www\shaiyabattles\public\/../framework\configs\
03/26/22 14:34:45 > Loader.INFO > Loading config from C:\laragon\www\shaiyabattles\public\/../framework\configs\
